app/build/outputs/logs/manifest-merger-debug-report.txt
-- Merging decision tree log ---
manifest
ADDED from src\main\AndroidManifest.xml:2:1-45:12
	xmlns:android
		ADDED from src\main\AndroidManifest.xml:2:11-69
	package
		ADDED from src\main\AndroidManifest.xml:3:5-39
		INJECTED from src\main\AndroidManifest.xml
		INJECTED from src\main\AndroidManifest.xml
uses-sdk
ADDED from src\main\AndroidManifest.xml:5:5-7:41
	android:targetSdkVersion
		ADDED from src\main\AndroidManifest.xml:7:9-38
	android:minSdkVersion
		ADDED from src\main\AndroidManifest.xml:6:9-35
uses-permission#android.permission.INTERNET
ADDED from src\main\AndroidManifest.xml:9:5-10:23
	android:name
		ADDED from src\main\AndroidManifest.xml:9:22-64
application
ADDED from src\main\AndroidManifest.xml:12:5-43:19
	android:label
		ADDED from src\main\AndroidManifest.xml:13:9-41
activity#com.project.simplereddit.MainActivity
ADDED from src\main\AndroidManifest.xml:14:9-22:20
	android:label
		ADDED from src\main\AndroidManifest.xml:16:13-45
	android:name
		ADDED from src\main\AndroidManifest.xml:15:13-65
intent-filter#android.intent.action.MAIN+android.intent.category.LAUNCHER
ADDED from src\main\AndroidManifest.xml:17:13-21:29
action#android.intent.action.MAIN
ADDED from src\main\AndroidManifest.xml:18:17-69
	android:name
		ADDED from src\main\AndroidManifest.xml:18:25-66
category#android.intent.category.LAUNCHER
ADDED from src\main\AndroidManifest.xml:20:17-77
	android:name
		ADDED from src\main\AndroidManifest.xml:20:27-74
activity#com.project.simplereddit.listactivity.RedditPostList
ADDED from src\main\AndroidManifest.xml:23:9-26:20
	android:label
		ADDED from src\main\AndroidManifest.xml:25:13-68
	android:name
		ADDED from src\main\AndroidManifest.xml:24:13-80
activity#com.project.simplereddit.FullImageActivity
ADDED from src\main\AndroidManifest.xml:27:9-34:20
	android:label
		ADDED from src\main\AndroidManifest.xml:29:13-62
	android:parentActivityName
		ADDED from src\main\AndroidManifest.xml:30:13-94
	android:name
		ADDED from src\main\AndroidManifest.xml:28:13-70
meta-data#android.support.PARENT_ACTIVITY
ADDED from src\main\AndroidManifest.xml:31:13-33:75
	android:name
		ADDED from src\main\AndroidManifest.xml:32:17-63
	android:value
		ADDED from src\main\AndroidManifest.xml:33:17-72
activity#com.project.simplereddit.listactivity.CommentList
ADDED from src\main\AndroidManifest.xml:35:9-42:20
	android:label
		ADDED from src\main\AndroidManifest.xml:37:13-64
	android:parentActivityName
		ADDED from src\main\AndroidManifest.xml:38:13-94
	android:name
		ADDED from src\main\AndroidManifest.xml:36:4-68